14:29:38.368 [main] DEBUG org.testng.log4testng.Logger.debug(Logger.java:82)oggger - suiteXmlPath: "C:\Users\Punee\eclipse-workspace2025new\selenium2025Demo2\Master.xml"
14:29:38.889 [main] INFO  org.testng.log4testng.Logger.info(Logger.java:112)oggger - [TestNG] Running:
  C:\Users\Punee\eclipse-workspace2025new\selenium2025Demo2\Master.xml

14:30:56.905 [main] DEBUG org.testng.log4testng.Logger.debug(Logger.java:82)oggger - suiteXmlPath: "C:\Users\Punee\eclipse-workspace2025new\selenium2025Demo2\Master.xml"
14:30:57.318 [main] INFO  org.testng.log4testng.Logger.info(Logger.java:112)oggger - [TestNG] Running:
  C:\Users\Punee\eclipse-workspace2025new\selenium2025Demo2\Master.xml

14:31:59.317 [main] DEBUG org.testng.log4testng.Logger.debug(Logger.java:82)oggger - suiteXmlPath: "C:\Users\Punee\eclipse-workspace2025new\selenium2025Demo2\Master.xml"
14:31:59.799 [main] INFO  org.testng.log4testng.Logger.info(Logger.java:112)oggger - [TestNG] Running:
  C:\Users\Punee\eclipse-workspace2025new\selenium2025Demo2\Master.xml

14:32:03.900 [main] INFO  testBase.BaseClass.setup(BaseClass.java:92)oggger - Application is launched successfully
14:32:04.006 [main] INFO  testCases.TC001_AccountSignupTest.verify_account_signup(TC001_AccountSignupTest.java:20)oggger - Home Page is launched
14:32:04.986 [main] INFO  testCases.TC001_AccountSignupTest.verify_account_signup(TC001_AccountSignupTest.java:24)oggger - Login/Signup Page is launched
14:32:04.998 [main] INFO  testCases.TC001_AccountSignupTest.verify_account_signup(TC001_AccountSignupTest.java:27)oggger - email faPMFLzzDt@gm.com
14:32:06.263 [main] INFO  testCases.TC001_AccountSignupTest.verify_account_signup(TC001_AccountSignupTest.java:33)oggger - SignUp Page is launched
14:32:13.414 [main] INFO  testCases.TC001_AccountSignupTest.verify_account_signup(TC001_AccountSignupTest.java:60)oggger - Account Created is confirmed
14:32:15.912 [main] INFO  testBase.BaseClass.tearDown(BaseClass.java:99)oggger - Browser is closed
14:33:09.808 [main] DEBUG org.testng.log4testng.Logger.debug(Logger.java:82)oggger - suiteXmlPath: "C:\Users\Punee\eclipse-workspace2025new\selenium2025Demo2\Master.xml"
14:33:14.356 [main] INFO  testBase.BaseClass.setup(BaseClass.java:92)oggger - Application is launched successfully
14:33:14.459 [main] INFO  testCases.TC001_AccountSignupTest.verify_account_signup(TC001_AccountSignupTest.java:20)oggger - Home Page is launched
14:33:15.505 [main] INFO  testCases.TC001_AccountSignupTest.verify_account_signup(TC001_AccountSignupTest.java:24)oggger - Login/Signup Page is launched
14:33:15.523 [main] INFO  testCases.TC001_AccountSignupTest.verify_account_signup(TC001_AccountSignupTest.java:27)oggger - email 3dsTfbh2ar@gm.com
14:33:17.060 [main] INFO  testCases.TC001_AccountSignupTest.verify_account_signup(TC001_AccountSignupTest.java:33)oggger - SignUp Page is launched
14:33:24.218 [main] INFO  testCases.TC001_AccountSignupTest.verify_account_signup(TC001_AccountSignupTest.java:60)oggger - Account Created is confirmed
14:33:26.972 [main] INFO  testBase.BaseClass.tearDown(BaseClass.java:99)oggger - Browser is closed
